<?xml version="1.0" encoding="UTF-8"?>
<!-- Generated by org.testng.reporters.JUnitReportReporter -->
<testsuite skipped="0" hostname="user-PC" name="Script.script1" tests="2" failures="0" timestamp="22 Dec 2018 03:26:53 GMT" time="43.055" errors="0">
  <testcase name="test123" time="16.179" classname="Script.script1"/>
  <testcase name="test123" time="26.876" classname="Script.script1"/>
</testsuite> <!-- Script.script1 -->
